# JRE version: Java(TM) SE Runtime Environment (17.0.14+8) (build 17.0.14+8-LTS-191)
# Java VM: Java HotSpot(TM) 64-Bit Server VM (17.0.14+8-LTS-191, mixed mode, sharing, tiered, compressed oops, compressed class ptrs, g1 gc, windows-amd64)
GC Precious Log:
 CPUs: 16 total, 16 available
 Memory: 7860M
 Large Page Support: Disabled
 NUMA Support: Disabled
 Compressed Oops: Enabled (32-bit)
 Heap Region Size: 1M
 Heap Min Capacity: 8M
 Heap Initial Capacity: 124M
 Heap Max Capacity: 1966M
 Pre-touch: Disabled
 Parallel Workers: 13
 Concurrent Workers: 3
 Concurrent Refinement Workers: 13
 Periodic GC: Disabled
Heap:
 garbage-first heap   total 81920K, used 45303K [0x0000000085200000, 0x0000000100000000)
  region size 1024K, 21 young (21504K), 5 survivors (5120K)
 Metaspace       used 69948K, committed 70528K, reserved 1114112K
  class space    used 9906K, committed 10176K, reserved 1048576K
GC Heap History (20 events):
Event: 4.995 GC heap before
{Heap before GC invocations=6 (full 0):
 garbage-first heap   total 55296K, used 37405K [0x0000000085200000, 0x0000000100000000)
  region size 1024K, 21 young (21504K), 1 survivors (1024K)
 Metaspace       used 26819K, committed 27200K, reserved 1114112K
  class space    used 3485K, committed 3648K, reserved 1048576K
}
Event: 5.000 GC heap after
{Heap after GC invocations=7 (full 0):
 garbage-first heap   total 55296K, used 17849K [0x0000000085200000, 0x0000000100000000)
  region size 1024K, 2 young (2048K), 2 survivors (2048K)
 Metaspace       used 26819K, committed 27200K, reserved 1114112K
  class space    used 3485K, committed 3648K, reserved 1048576K
}
Event: 5.568 GC heap before
{Heap before GC invocations=7 (full 0):
 garbage-first heap   total 55296K, used 39353K [0x0000000085200000, 0x0000000100000000)
  region size 1024K, 23 young (23552K), 2 survivors (2048K)
 Metaspace       used 29987K, committed 30336K, reserved 1114112K
  class space    used 3959K, committed 4096K, reserved 1048576K
}
Event: 5.574 GC heap after
{Heap after GC invocations=8 (full 0):
 garbage-first heap   total 55296K, used 19592K [0x0000000085200000, 0x0000000100000000)
  region size 1024K, 3 young (3072K), 3 survivors (3072K)
 Metaspace       used 29987K, committed 30336K, reserved 1114112K
  class space    used 3959K, committed 4096K, reserved 1048576K
}
Event: 6.470 GC heap before
{Heap before GC invocations=8 (full 0):
 garbage-first heap   total 55296K, used 40072K [0x0000000085200000, 0x0000000100000000)
  region size 1024K, 23 young (23552K), 3 survivors (3072K)
 Metaspace       used 34973K, committed 35392K, reserved 1114112K
  class space    used 4658K, committed 4864K, reserved 1048576K
}
Event: 6.476 GC heap after
{Heap after GC invocations=9 (full 0):
 garbage-first heap   total 55296K, used 20644K [0x0000000085200000, 0x0000000100000000)
  region size 1024K, 1 young (1024K), 1 survivors (1024K)
 Metaspace       used 34973K, committed 35392K, reserved 1114112K
  class space    used 4658K, committed 4864K, reserved 1048576K
}
Event: 6.547 GC heap before
{Heap before GC invocations=9 (full 0):
 garbage-first heap   total 55296K, used 23716K [0x0000000085200000, 0x0000000100000000)
  region size 1024K, 5 young (5120K), 1 survivors (1024K)
 Metaspace       used 35742K, committed 36096K, reserved 1114112K
  class space    used 4816K, committed 4992K, reserved 1048576K
}
Event: 6.549 GC heap after
{Heap after GC invocations=10 (full 0):
 garbage-first heap   total 55296K, used 20775K [0x0000000085200000, 0x0000000100000000)
  region size 1024K, 2 young (2048K), 2 survivors (2048K)
 Metaspace       used 35742K, committed 36096K, reserved 1114112K
  class space    used 4816K, committed 4992K, reserved 1048576K
}
Event: 7.601 GC heap before
{Heap before GC invocations=11 (full 0):
 garbage-first heap   total 55296K, used 41255K [0x0000000085200000, 0x0000000100000000)
  region size 1024K, 22 young (22528K), 2 survivors (2048K)
 Metaspace       used 44309K, committed 44736K, reserved 1114112K
  class space    used 5926K, committed 6144K, reserved 1048576K
}
Event: 7.607 GC heap after
{Heap after GC invocations=12 (full 0):
 garbage-first heap   total 81920K, used 22692K [0x0000000085200000, 0x0000000100000000)
  region size 1024K, 3 young (3072K), 3 survivors (3072K)
 Metaspace       used 44309K, committed 44736K, reserved 1114112K
  class space    used 5926K, committed 6144K, reserved 1048576K
}
Event: 7.627 GC heap before
{Heap before GC invocations=12 (full 0):
 garbage-first heap   total 81920K, used 23716K [0x0000000085200000, 0x0000000100000000)
  region size 1024K, 4 young (4096K), 3 survivors (3072K)
 Metaspace       used 44542K, committed 44928K, reserved 1114112K
  class space    used 5966K, committed 6144K, reserved 1048576K
}
Event: 7.631 GC heap after
{Heap after GC invocations=13 (full 0):
 garbage-first heap   total 81920K, used 22761K [0x0000000085200000, 0x0000000100000000)
  region size 1024K, 1 young (1024K), 1 survivors (1024K)
 Metaspace       used 44542K, committed 44928K, reserved 1114112K
  class space    used 5966K, committed 6144K, reserved 1048576K
}
Event: 8.891 GC heap before
{Heap before GC invocations=13 (full 0):
 garbage-first heap   total 81920K, used 61673K [0x0000000085200000, 0x0000000100000000)
  region size 1024K, 40 young (40960K), 1 survivors (1024K)
 Metaspace       used 54410K, committed 54976K, reserved 1114112K
  class space    used 7397K, committed 7680K, reserved 1048576K
}
Event: 8.900 GC heap after
{Heap after GC invocations=14 (full 0):
 garbage-first heap   total 81920K, used 24163K [0x0000000085200000, 0x0000000100000000)
  region size 1024K, 2 young (2048K), 2 survivors (2048K)
 Metaspace       used 54410K, committed 54976K, reserved 1114112K
  class space    used 7397K, committed 7680K, reserved 1048576K
}
Event: 10.187 GC heap before
{Heap before GC invocations=14 (full 0):
 garbage-first heap   total 81920K, used 51811K [0x0000000085200000, 0x0000000100000000)
  region size 1024K, 30 young (30720K), 2 survivors (2048K)
 Metaspace       used 59727K, committed 60288K, reserved 1114112K
  class space    used 8225K, committed 8512K, reserved 1048576K
}
Event: 10.195 GC heap after
{Heap after GC invocations=15 (full 0):
 garbage-first heap   total 81920K, used 25527K [0x0000000085200000, 0x0000000100000000)
  region size 1024K, 4 young (4096K), 4 survivors (4096K)
 Metaspace       used 59727K, committed 60288K, reserved 1114112K
  class space    used 8225K, committed 8512K, reserved 1048576K
}
Event: 11.989 GC heap before
{Heap before GC invocations=16 (full 0):
 garbage-first heap   total 81920K, used 64439K [0x0000000085200000, 0x0000000100000000)
  region size 1024K, 42 young (43008K), 4 survivors (4096K)
 Metaspace       used 65468K, committed 66048K, reserved 1114112K
  class space    used 9175K, committed 9472K, reserved 1048576K
}
Event: 12.000 GC heap after
{Heap after GC invocations=17 (full 0):
 garbage-first heap   total 81920K, used 28457K [0x0000000085200000, 0x0000000100000000)
  region size 1024K, 6 young (6144K), 6 survivors (6144K)
 Metaspace       used 65468K, committed 66048K, reserved 1114112K
  class space    used 9175K, committed 9472K, reserved 1048576K
}
Event: 12.465 GC heap before
{Heap before GC invocations=17 (full 0):
 garbage-first heap   total 81920K, used 65321K [0x0000000085200000, 0x0000000100000000)
  region size 1024K, 42 young (43008K), 6 survivors (6144K)
 Metaspace       used 67640K, committed 68224K, reserved 1114112K
  class space    used 9575K, committed 9856K, reserved 1048576K
}
Event: 12.478 GC heap after
{Heap after GC invocations=18 (full 0):
 garbage-first heap   total 81920K, used 29943K [0x0000000085200000, 0x0000000100000000)
  region size 1024K, 5 young (5120K), 5 survivors (5120K)
 Metaspace       used 67640K, committed 68224K, reserved 1114112K
  class space    used 9575K, committed 9856K, reserved 1048576K
}

